<?xml version="1.0" encoding="UTF-8"?>
<testsuite name="com.fastcampust.demo.FastCampustProjectBoardApplicationTests" tests="1" skipped="0" failures="0" errors="0" timestamp="2023-09-22T07:19:51" hostname="DESKTOP-PCPDP0N" time="0.368">
  <properties/>
  <testcase name="contextLoads()" classname="com.fastcampust.demo.FastCampustProjectBoardApplicationTests" time="0.368"/>
  <system-out><![CDATA[16:19:49.861 [Test worker] DEBUG org.springframework.test.context.BootstrapUtils - Instantiating CacheAwareContextLoaderDelegate from class [org.springframework.test.context.cache.DefaultCacheAwareContextLoaderDelegate]
16:19:49.871 [Test worker] DEBUG org.springframework.test.context.BootstrapUtils - Instantiating BootstrapContext using constructor [public org.springframework.test.context.support.DefaultBootstrapContext(java.lang.Class,org.springframework.test.context.CacheAwareContextLoaderDelegate)]
16:19:49.902 [Test worker] DEBUG org.springframework.test.context.BootstrapUtils - Instantiating TestContextBootstrapper for test class [com.fastcampust.demo.FastCampustProjectBoardApplicationTests] from class [org.springframework.boot.test.context.SpringBootTestContextBootstrapper]
16:19:49.912 [Test worker] INFO org.springframework.boot.test.context.SpringBootTestContextBootstrapper - Neither @ContextConfiguration nor @ContextHierarchy found for test class [com.fastcampust.demo.FastCampustProjectBoardApplicationTests], using SpringBootContextLoader
16:19:49.915 [Test worker] DEBUG org.springframework.test.context.support.AbstractContextLoader - Did not detect default resource location for test class [com.fastcampust.demo.FastCampustProjectBoardApplicationTests]: class path resource [com/fastcampust/demo/FastCampustProjectBoardApplicationTests-context.xml] does not exist
16:19:49.915 [Test worker] DEBUG org.springframework.test.context.support.AbstractContextLoader - Did not detect default resource location for test class [com.fastcampust.demo.FastCampustProjectBoardApplicationTests]: class path resource [com/fastcampust/demo/FastCampustProjectBoardApplicationTestsContext.groovy] does not exist
16:19:49.915 [Test worker] INFO org.springframework.test.context.support.AbstractContextLoader - Could not detect default resource locations for test class [com.fastcampust.demo.FastCampustProjectBoardApplicationTests]: no resource found for suffixes {-context.xml, Context.groovy}.
16:19:49.916 [Test worker] INFO org.springframework.test.context.support.AnnotationConfigContextLoaderUtils - Could not detect default configuration classes for test class [com.fastcampust.demo.FastCampustProjectBoardApplicationTests]: FastCampustProjectBoardApplicationTests does not declare any static, non-private, non-final, nested classes annotated with @Configuration.
16:19:49.949 [Test worker] DEBUG org.springframework.test.context.support.ActiveProfilesUtils - Could not find an 'annotation declaring class' for annotation type [org.springframework.test.context.ActiveProfiles] and class [com.fastcampust.demo.FastCampustProjectBoardApplicationTests]
16:19:49.993 [Test worker] DEBUG org.springframework.context.annotation.ClassPathScanningCandidateComponentProvider - Identified candidate component class: file [D:\SpringDev\fastcampus-project-board\fastcapmus-project-board\build\classes\java\main\com\fastcampust\demo\FastCampustProjectBoardApplication.class]
16:19:49.994 [Test worker] INFO org.springframework.boot.test.context.SpringBootTestContextBootstrapper - Found @SpringBootConfiguration com.fastcampust.demo.FastCampustProjectBoardApplication for test class com.fastcampust.demo.FastCampustProjectBoardApplicationTests
16:19:50.068 [Test worker] DEBUG org.springframework.boot.test.context.SpringBootTestContextBootstrapper - @TestExecutionListeners is not present for class [com.fastcampust.demo.FastCampustProjectBoardApplicationTests]: using defaults.
16:19:50.069 [Test worker] INFO org.springframework.boot.test.context.SpringBootTestContextBootstrapper - Loaded default TestExecutionListener class names from location [META-INF/spring.factories]: [org.springframework.boot.test.autoconfigure.restdocs.RestDocsTestExecutionListener, org.springframework.boot.test.autoconfigure.web.client.MockRestServiceServerResetTestExecutionListener, org.springframework.boot.test.autoconfigure.web.servlet.MockMvcPrintOnlyOnFailureTestExecutionListener, org.springframework.boot.test.autoconfigure.web.servlet.WebDriverTestExecutionListener, org.springframework.boot.test.autoconfigure.webservices.client.MockWebServiceServerTestExecutionListener, org.springframework.boot.test.mock.mockito.MockitoTestExecutionListener, org.springframework.boot.test.mock.mockito.ResetMocksTestExecutionListener, org.springframework.test.context.web.ServletTestExecutionListener, org.springframework.test.context.support.DirtiesContextBeforeModesTestExecutionListener, org.springframework.test.context.event.ApplicationEventsTestExecutionListener, org.springframework.test.context.support.DependencyInjectionTestExecutionListener, org.springframework.test.context.support.DirtiesContextTestExecutionListener, org.springframework.test.context.transaction.TransactionalTestExecutionListener, org.springframework.test.context.jdbc.SqlScriptsTestExecutionListener, org.springframework.test.context.event.EventPublishingTestExecutionListener]
16:19:50.078 [Test worker] DEBUG org.springframework.boot.test.context.SpringBootTestContextBootstrapper - Skipping candidate TestExecutionListener [org.springframework.test.context.transaction.TransactionalTestExecutionListener] due to a missing dependency. Specify custom listener classes or make the default listener classes and their required dependencies available. Offending class: [org/springframework/transaction/interceptor/TransactionAttributeSource]
16:19:50.079 [Test worker] DEBUG org.springframework.boot.test.context.SpringBootTestContextBootstrapper - Skipping candidate TestExecutionListener [org.springframework.test.context.jdbc.SqlScriptsTestExecutionListener] due to a missing dependency. Specify custom listener classes or make the default listener classes and their required dependencies available. Offending class: [org/springframework/transaction/interceptor/TransactionAttribute]
16:19:50.079 [Test worker] INFO org.springframework.boot.test.context.SpringBootTestContextBootstrapper - Using TestExecutionListeners: [org.springframework.test.context.web.ServletTestExecutionListener@4052274f, org.springframework.test.context.support.DirtiesContextBeforeModesTestExecutionListener@132ddbab, org.springframework.test.context.event.ApplicationEventsTestExecutionListener@297ea53a, org.springframework.boot.test.mock.mockito.MockitoTestExecutionListener@acb0951, org.springframework.boot.test.autoconfigure.SpringBootDependencyInjectionTestExecutionListener@5bf22f18, org.springframework.test.context.support.DirtiesContextTestExecutionListener@267f474e, org.springframework.test.context.event.EventPublishingTestExecutionListener@7a7471ce, org.springframework.boot.test.autoconfigure.restdocs.RestDocsTestExecutionListener@28276e50, org.springframework.boot.test.autoconfigure.web.client.MockRestServiceServerResetTestExecutionListener@62e70ea3, org.springframework.boot.test.autoconfigure.web.servlet.MockMvcPrintOnlyOnFailureTestExecutionListener@3efe7086, org.springframework.boot.test.autoconfigure.web.servlet.WebDriverTestExecutionListener@675d8c96, org.springframework.boot.test.autoconfigure.webservices.client.MockWebServiceServerTestExecutionListener@741b3bc3, org.springframework.boot.test.mock.mockito.ResetMocksTestExecutionListener@2ed3b1f5]
16:19:50.088 [Test worker] DEBUG org.springframework.test.context.support.AbstractDirtiesContextTestExecutionListener - Before test class: context [DefaultTestContext@180e6ac4 testClass = FastCampustProjectBoardApplicationTests, testInstance = [null], testMethod = [null], testException = [null], mergedContextConfiguration = [WebMergedContextConfiguration@42b64ab8 testClass = FastCampustProjectBoardApplicationTests, locations = '{}', classes = '{class com.fastcampust.demo.FastCampustProjectBoardApplication}', contextInitializerClasses = '[]', activeProfiles = '{}', propertySourceLocations = '{}', propertySourceProperties = '{org.springframework.boot.test.context.SpringBootTestContextBootstrapper=true}', contextCustomizers = set[org.springframework.boot.test.autoconfigure.actuate.metrics.MetricsExportContextCustomizerFactory$DisableMetricExportContextCustomizer@24111ef1, org.springframework.boot.test.autoconfigure.properties.PropertyMappingContextCustomizer@0, org.springframework.boot.test.autoconfigure.web.servlet.WebDriverContextCustomizerFactory$Customizer@3a0baae5, org.springframework.boot.test.context.filter.ExcludeFilterContextCustomizer@403f0a22, org.springframework.boot.test.json.DuplicateJsonObjectContextCustomizerFactory$DuplicateJsonObjectContextCustomizer@77825085, org.springframework.boot.test.mock.mockito.MockitoContextCustomizer@0, org.springframework.boot.test.web.client.TestRestTemplateContextCustomizer@176b3f44, org.springframework.boot.test.context.SpringBootTestArgs@1, org.springframework.boot.test.context.SpringBootTestWebEnvironment@6d4e5011], resourceBasePath = 'src/main/webapp', contextLoader = 'org.springframework.boot.test.context.SpringBootContextLoader', parent = [null]], attributes = map['org.springframework.test.context.web.ServletTestExecutionListener.activateListener' -> true]], class annotated with @DirtiesContext [false] with mode [null].

  .   ____          _            __ _ _
 /\\ / ___'_ __ _ _(_)_ __  __ _ \ \ \ \
( ( )\___ | '_ | '_| | '_ \/ _` | \ \ \ \
 \\/  ___)| |_)| | | | | || (_| |  ) ) ) )
  '  |____| .__|_| |_|_| |_\__, | / / / /
 =========|_|==============|___/=/_/_/_/
 :: Spring Boot ::               (v2.7.16)

2023-09-22 16:19:50.311  INFO 34088 --- [    Test worker] .FastCampustProjectBoardApplicationTests : Starting FastCampustProjectBoardApplicationTests using Java 19.0.2 on DESKTOP-PCPDP0N with PID 34088 (started by user in D:\SpringDev\fastcampus-project-board\fastcapmus-project-board)
2023-09-22 16:19:50.313  INFO 34088 --- [    Test worker] .FastCampustProjectBoardApplicationTests : No active profile set, falling back to 1 default profile: "default"
2023-09-22 16:19:51.676  INFO 34088 --- [    Test worker] o.s.b.a.e.web.EndpointLinksResolver      : Exposing 1 endpoint(s) beneath base path '/actuator'
2023-09-22 16:19:51.724  INFO 34088 --- [    Test worker] .FastCampustProjectBoardApplicationTests : Started FastCampustProjectBoardApplicationTests in 1.608 seconds (JVM running for 2.657)
]]></system-out>
  <system-err><![CDATA[]]></system-err>
</testsuite>
