<?xml version="1.0" encoding="UTF-8"?>
<testsuite name="View 컨트럴러 인증" tests="1" skipped="0" failures="0" errors="0" timestamp="2024-01-03T14:30:57" hostname="MacBook-Air-Iugai.local" time="0.19">
  <properties/>
  <testcase name="[view][GET] 로그인 페이지 - 정상 호출" classname="com.fastcampust.demo.controller.AuthControllerTest" time="0.19"/>
  <system-out><![CDATA[23:30:56.293 [Test worker] DEBUG org.springframework.test.context.BootstrapUtils - Instantiating CacheAwareContextLoaderDelegate from class [org.springframework.test.context.cache.DefaultCacheAwareContextLoaderDelegate]
23:30:56.298 [Test worker] DEBUG org.springframework.test.context.BootstrapUtils - Instantiating BootstrapContext using constructor [public org.springframework.test.context.support.DefaultBootstrapContext(java.lang.Class,org.springframework.test.context.CacheAwareContextLoaderDelegate)]
23:30:56.315 [Test worker] DEBUG org.springframework.test.context.BootstrapUtils - Instantiating TestContextBootstrapper for test class [com.fastcampust.demo.controller.AuthControllerTest] from class [org.springframework.boot.test.autoconfigure.web.servlet.WebMvcTestContextBootstrapper]
23:30:56.320 [Test worker] INFO org.springframework.boot.test.autoconfigure.web.servlet.WebMvcTestContextBootstrapper - Neither @ContextConfiguration nor @ContextHierarchy found for test class [com.fastcampust.demo.controller.AuthControllerTest], using SpringBootContextLoader
23:30:56.322 [Test worker] DEBUG org.springframework.test.context.support.AbstractContextLoader - Did not detect default resource location for test class [com.fastcampust.demo.controller.AuthControllerTest]: class path resource [com/fastcampust/demo/controller/AuthControllerTest-context.xml] does not exist
23:30:56.322 [Test worker] DEBUG org.springframework.test.context.support.AbstractContextLoader - Did not detect default resource location for test class [com.fastcampust.demo.controller.AuthControllerTest]: class path resource [com/fastcampust/demo/controller/AuthControllerTestContext.groovy] does not exist
23:30:56.322 [Test worker] INFO org.springframework.test.context.support.AbstractContextLoader - Could not detect default resource locations for test class [com.fastcampust.demo.controller.AuthControllerTest]: no resource found for suffixes {-context.xml, Context.groovy}.
23:30:56.322 [Test worker] INFO org.springframework.test.context.support.AnnotationConfigContextLoaderUtils - Could not detect default configuration classes for test class [com.fastcampust.demo.controller.AuthControllerTest]: AuthControllerTest does not declare any static, non-private, non-final, nested classes annotated with @Configuration.
23:30:56.357 [Test worker] DEBUG org.springframework.test.context.support.ActiveProfilesUtils - Could not find an 'annotation declaring class' for annotation type [org.springframework.test.context.ActiveProfiles] and class [com.fastcampust.demo.controller.AuthControllerTest]
23:30:56.384 [Test worker] DEBUG org.springframework.context.annotation.ClassPathScanningCandidateComponentProvider - Identified candidate component class: file [/Users/iugaialeksandr/Desktop/Spring Fast-cmpus/Java-Spring---Project-Board/fastcapmus-project-board/build/classes/java/main/com/fastcampust/demo/FastCampustProjectBoardApplication.class]
23:30:56.385 [Test worker] INFO org.springframework.boot.test.context.SpringBootTestContextBootstrapper - Found @SpringBootConfiguration com.fastcampust.demo.FastCampustProjectBoardApplication for test class com.fastcampust.demo.controller.AuthControllerTest
23:30:56.386 [Test worker] DEBUG org.springframework.boot.test.autoconfigure.web.servlet.WebMvcTestContextBootstrapper - @TestExecutionListeners is not present for class [com.fastcampust.demo.controller.AuthControllerTest]: using defaults.
23:30:56.386 [Test worker] INFO org.springframework.boot.test.autoconfigure.web.servlet.WebMvcTestContextBootstrapper - Loaded default TestExecutionListener class names from location [META-INF/spring.factories]: [org.springframework.boot.test.autoconfigure.restdocs.RestDocsTestExecutionListener, org.springframework.boot.test.autoconfigure.web.client.MockRestServiceServerResetTestExecutionListener, org.springframework.boot.test.autoconfigure.web.servlet.MockMvcPrintOnlyOnFailureTestExecutionListener, org.springframework.boot.test.autoconfigure.web.servlet.WebDriverTestExecutionListener, org.springframework.boot.test.autoconfigure.webservices.client.MockWebServiceServerTestExecutionListener, org.springframework.boot.test.mock.mockito.MockitoTestExecutionListener, org.springframework.boot.test.mock.mockito.ResetMocksTestExecutionListener, org.springframework.test.context.web.ServletTestExecutionListener, org.springframework.test.context.support.DirtiesContextBeforeModesTestExecutionListener, org.springframework.test.context.event.ApplicationEventsTestExecutionListener, org.springframework.test.context.support.DependencyInjectionTestExecutionListener, org.springframework.test.context.support.DirtiesContextTestExecutionListener, org.springframework.test.context.transaction.TransactionalTestExecutionListener, org.springframework.test.context.jdbc.SqlScriptsTestExecutionListener, org.springframework.test.context.event.EventPublishingTestExecutionListener]
23:30:56.393 [Test worker] INFO org.springframework.boot.test.autoconfigure.web.servlet.WebMvcTestContextBootstrapper - Using TestExecutionListeners: [org.springframework.test.context.web.ServletTestExecutionListener@3dd1dc90, org.springframework.test.context.support.DirtiesContextBeforeModesTestExecutionListener@abf688e, org.springframework.test.context.event.ApplicationEventsTestExecutionListener@478ee483, org.springframework.boot.test.mock.mockito.MockitoTestExecutionListener@1a7288a3, org.springframework.boot.test.autoconfigure.SpringBootDependencyInjectionTestExecutionListener@2974f221, org.springframework.test.context.support.DirtiesContextTestExecutionListener@58fe0499, org.springframework.test.context.transaction.TransactionalTestExecutionListener@686449f9, org.springframework.test.context.jdbc.SqlScriptsTestExecutionListener@665df3c6, org.springframework.test.context.event.EventPublishingTestExecutionListener@68b6f0d6, org.springframework.boot.test.autoconfigure.restdocs.RestDocsTestExecutionListener@4044fb95, org.springframework.boot.test.autoconfigure.web.client.MockRestServiceServerResetTestExecutionListener@aa549e5, org.springframework.boot.test.autoconfigure.web.servlet.MockMvcPrintOnlyOnFailureTestExecutionListener@36f48b4, org.springframework.boot.test.autoconfigure.web.servlet.WebDriverTestExecutionListener@5c00384f, org.springframework.boot.test.autoconfigure.webservices.client.MockWebServiceServerTestExecutionListener@3b7ff809, org.springframework.boot.test.mock.mockito.ResetMocksTestExecutionListener@1bb564e2]
23:30:56.395 [Test worker] DEBUG org.springframework.test.context.support.AbstractDirtiesContextTestExecutionListener - Before test class: context [DefaultTestContext@a5bd950 testClass = AuthControllerTest, testInstance = [null], testMethod = [null], testException = [null], mergedContextConfiguration = [WebMergedContextConfiguration@4d18aa28 testClass = AuthControllerTest, locations = '{}', classes = '{class com.fastcampust.demo.FastCampustProjectBoardApplication}', contextInitializerClasses = '[]', activeProfiles = '{}', propertySourceLocations = '{}', propertySourceProperties = '{org.springframework.boot.test.autoconfigure.web.servlet.WebMvcTestContextBootstrapper=true}', contextCustomizers = set[org.springframework.boot.test.autoconfigure.OverrideAutoConfigurationContextCustomizerFactory$DisableAutoConfigurationContextCustomizer@2f16c6b3, org.springframework.boot.test.autoconfigure.actuate.metrics.MetricsExportContextCustomizerFactory$DisableMetricExportContextCustomizer@53941c2f, org.springframework.boot.test.autoconfigure.filter.TypeExcludeFiltersContextCustomizer@c24e4f9, org.springframework.boot.test.autoconfigure.properties.PropertyMappingContextCustomizer@33ee9d67, org.springframework.boot.test.autoconfigure.web.servlet.WebDriverContextCustomizerFactory$Customizer@66ac5762, [ImportsContextCustomizer@75390459 key = [org.springframework.boot.autoconfigure.cache.CacheAutoConfiguration, org.springframework.boot.autoconfigure.context.MessageSourceAutoConfiguration, org.springframework.boot.autoconfigure.data.web.SpringDataWebAutoConfiguration, org.springframework.boot.autoconfigure.freemarker.FreeMarkerAutoConfiguration, org.springframework.boot.autoconfigure.groovy.template.GroovyTemplateAutoConfiguration, org.springframework.boot.autoconfigure.gson.GsonAutoConfiguration, org.springframework.boot.autoconfigure.hateoas.HypermediaAutoConfiguration, org.springframework.boot.autoconfigure.http.HttpMessageConvertersAutoConfiguration, org.springframework.boot.autoconfigure.jackson.JacksonAutoConfiguration, org.springframework.boot.autoconfigure.jsonb.JsonbAutoConfiguration, org.springframework.boot.autoconfigure.mustache.MustacheAutoConfiguration, org.springframework.boot.autoconfigure.task.TaskExecutionAutoConfiguration, org.springframework.boot.autoconfigure.thymeleaf.ThymeleafAutoConfiguration, org.springframework.boot.autoconfigure.validation.ValidationAutoConfiguration, org.springframework.boot.autoconfigure.web.servlet.error.ErrorMvcAutoConfiguration, org.springframework.boot.autoconfigure.web.servlet.HttpEncodingAutoConfiguration, org.springframework.boot.autoconfigure.web.servlet.WebMvcAutoConfiguration, org.springframework.boot.test.autoconfigure.web.servlet.MockMvcAutoConfiguration, org.springframework.boot.test.autoconfigure.web.servlet.MockMvcWebClientAutoConfiguration, org.springframework.boot.test.autoconfigure.web.servlet.MockMvcWebDriverAutoConfiguration, org.springframework.boot.autoconfigure.security.oauth2.client.servlet.OAuth2ClientAutoConfiguration, org.springframework.boot.autoconfigure.security.oauth2.resource.servlet.OAuth2ResourceServerAutoConfiguration, org.springframework.boot.autoconfigure.security.servlet.SecurityAutoConfiguration, org.springframework.boot.autoconfigure.security.servlet.SecurityFilterAutoConfiguration, org.springframework.boot.autoconfigure.security.servlet.UserDetailsServiceAutoConfiguration, org.springframework.boot.test.autoconfigure.web.servlet.MockMvcSecurityConfiguration, org.springframework.boot.test.autoconfigure.web.reactive.WebTestClientAutoConfiguration]], org.springframework.boot.test.context.filter.ExcludeFilterContextCustomizer@3212a8d7, org.springframework.boot.test.json.DuplicateJsonObjectContextCustomizerFactory$DuplicateJsonObjectContextCustomizer@55dfcc6, org.springframework.boot.test.mock.mockito.MockitoContextCustomizer@0, org.springframework.boot.test.context.SpringBootTestArgs@1, org.springframework.boot.test.context.SpringBootTestWebEnvironment@0], resourceBasePath = 'src/main/webapp', contextLoader = 'org.springframework.boot.test.context.SpringBootContextLoader', parent = [null]], attributes = map[[empty]]], class annotated with @DirtiesContext [false] with mode [null].

  .   ____          _            __ _ _
 /\\ / ___'_ __ _ _(_)_ __  __ _ \ \ \ \
( ( )\___ | '_ | '_| | '_ \/ _` | \ \ \ \
 \\/  ___)| |_)| | | | | || (_| |  ) ) ) )
  '  |____| .__|_| |_|_| |_\__, | / / / /
 =========|_|==============|___/=/_/_/_/
 :: Spring Boot ::               (v2.7.16)

2024-01-03 23:30:56.581  INFO 29610 --- [    Test worker] c.f.demo.controller.AuthControllerTest   : Starting AuthControllerTest using Java 17.0.8 on MacBook-Air-Iugai.local with PID 29610 (started by iugaialeksandr in /Users/iugaialeksandr/Desktop/Spring Fast-cmpus/Java-Spring---Project-Board/fastcapmus-project-board)
2024-01-03 23:30:56.581 DEBUG 29610 --- [    Test worker] c.f.demo.controller.AuthControllerTest   : Running with Spring Boot v2.7.16, Spring v5.3.30
2024-01-03 23:30:56.582  INFO 29610 --- [    Test worker] c.f.demo.controller.AuthControllerTest   : No active profile set, falling back to 1 default profile: "default"
2024-01-03 23:30:57.150  INFO 29610 --- [    Test worker] o.s.b.a.w.s.WelcomePageHandlerMapping    : Adding welcome page template: index
2024-01-03 23:30:57.274  WARN 29610 --- [    Test worker] .s.s.UserDetailsServiceAutoConfiguration : 

Using generated security password: 919ec039-51f1-4332-beca-76f563d5619c

This generated password is for development use only. Your security configuration must be updated before running your application in production.

2024-01-03 23:30:57.341  INFO 29610 --- [    Test worker] o.s.s.web.DefaultSecurityFilterChain     : Will secure any request with [org.springframework.security.web.session.DisableEncodeUrlFilter@2f09e6b2, org.springframework.security.web.context.request.async.WebAsyncManagerIntegrationFilter@1bee0085, org.springframework.security.web.context.SecurityContextPersistenceFilter@39d77de9, org.springframework.security.web.header.HeaderWriterFilter@44dfdd58, org.springframework.security.web.csrf.CsrfFilter@46468f0, org.springframework.security.web.authentication.logout.LogoutFilter@3009eed7, org.springframework.security.web.authentication.UsernamePasswordAuthenticationFilter@7f0766ef, org.springframework.security.web.authentication.ui.DefaultLoginPageGeneratingFilter@6842c101, org.springframework.security.web.authentication.ui.DefaultLogoutPageGeneratingFilter@16e1219f, org.springframework.security.web.authentication.www.BasicAuthenticationFilter@30508066, org.springframework.security.web.savedrequest.RequestCacheAwareFilter@7a64cb0c, org.springframework.security.web.servletapi.SecurityContextHolderAwareRequestFilter@785ed99c, org.springframework.security.web.authentication.AnonymousAuthenticationFilter@13f40d71, org.springframework.security.web.session.SessionManagementFilter@36478bce, org.springframework.security.web.access.ExceptionTranslationFilter@238291d4, org.springframework.security.web.access.intercept.FilterSecurityInterceptor@70be89ec]
2024-01-03 23:30:57.370  INFO 29610 --- [    Test worker] o.s.b.t.m.w.SpringBootMockServletContext : Initializing Spring TestDispatcherServlet ''
2024-01-03 23:30:57.370  INFO 29610 --- [    Test worker] o.s.t.web.servlet.TestDispatcherServlet  : Initializing Servlet ''
2024-01-03 23:30:57.371  INFO 29610 --- [    Test worker] o.s.t.web.servlet.TestDispatcherServlet  : Completed initialization in 1 ms
2024-01-03 23:30:57.384  INFO 29610 --- [    Test worker] c.f.demo.controller.AuthControllerTest   : Started AuthControllerTest in 0.968 seconds (JVM running for 1.434)
]]></system-out>
  <system-err><![CDATA[]]></system-err>
</testsuite>
