<?xml version="1.0" encoding="UTF-8"?>
<testsuite name="JPA 연결 데스트" tests="4" skipped="0" failures="0" errors="0" timestamp="2023-12-25T12:43:22" hostname="MacBook-Air-Iugai.local" time="0.234">
  <properties/>
  <testcase name="update 테스트" classname="com.fastcampust.demo.repository.JpaRepositoryTest" time="0.148"/>
  <testcase name="select 테스트" classname="com.fastcampust.demo.repository.JpaRepositoryTest" time="0.047"/>
  <testcase name="delete 테스트" classname="com.fastcampust.demo.repository.JpaRepositoryTest" time="0.022"/>
  <testcase name="insert 테스트" classname="com.fastcampust.demo.repository.JpaRepositoryTest" time="0.012"/>
  <system-out><![CDATA[21:43:20.916 [Test worker] DEBUG org.springframework.test.context.BootstrapUtils - Instantiating CacheAwareContextLoaderDelegate from class [org.springframework.test.context.cache.DefaultCacheAwareContextLoaderDelegate]
21:43:20.920 [Test worker] DEBUG org.springframework.test.context.BootstrapUtils - Instantiating BootstrapContext using constructor [public org.springframework.test.context.support.DefaultBootstrapContext(java.lang.Class,org.springframework.test.context.CacheAwareContextLoaderDelegate)]
21:43:20.936 [Test worker] DEBUG org.springframework.test.context.BootstrapUtils - Instantiating TestContextBootstrapper for test class [com.fastcampust.demo.repository.JpaRepositoryTest] from class [org.springframework.boot.test.autoconfigure.orm.jpa.DataJpaTestContextBootstrapper]
21:43:20.941 [Test worker] INFO org.springframework.boot.test.autoconfigure.orm.jpa.DataJpaTestContextBootstrapper - Neither @ContextConfiguration nor @ContextHierarchy found for test class [com.fastcampust.demo.repository.JpaRepositoryTest], using SpringBootContextLoader
21:43:20.943 [Test worker] DEBUG org.springframework.test.context.support.AbstractContextLoader - Did not detect default resource location for test class [com.fastcampust.demo.repository.JpaRepositoryTest]: class path resource [com/fastcampust/demo/repository/JpaRepositoryTest-context.xml] does not exist
21:43:20.943 [Test worker] DEBUG org.springframework.test.context.support.AbstractContextLoader - Did not detect default resource location for test class [com.fastcampust.demo.repository.JpaRepositoryTest]: class path resource [com/fastcampust/demo/repository/JpaRepositoryTestContext.groovy] does not exist
21:43:20.943 [Test worker] INFO org.springframework.test.context.support.AbstractContextLoader - Could not detect default resource locations for test class [com.fastcampust.demo.repository.JpaRepositoryTest]: no resource found for suffixes {-context.xml, Context.groovy}.
21:43:20.943 [Test worker] INFO org.springframework.test.context.support.AnnotationConfigContextLoaderUtils - Could not detect default configuration classes for test class [com.fastcampust.demo.repository.JpaRepositoryTest]: JpaRepositoryTest does not declare any static, non-private, non-final, nested classes annotated with @Configuration.
21:43:20.974 [Test worker] DEBUG org.springframework.test.context.support.ActiveProfilesUtils - Could not find an 'annotation declaring class' for annotation type [org.springframework.test.context.ActiveProfiles] and class [com.fastcampust.demo.repository.JpaRepositoryTest]
21:43:20.996 [Test worker] DEBUG org.springframework.context.annotation.ClassPathScanningCandidateComponentProvider - Identified candidate component class: file [/Users/iugaialeksandr/Desktop/Spring Fast-cmpus/Java-Spring---Project-Board/fastcapmus-project-board/build/classes/java/main/com/fastcampust/demo/FastCampustProjectBoardApplication.class]
21:43:20.997 [Test worker] INFO org.springframework.boot.test.context.SpringBootTestContextBootstrapper - Found @SpringBootConfiguration com.fastcampust.demo.FastCampustProjectBoardApplication for test class com.fastcampust.demo.repository.JpaRepositoryTest
21:43:20.998 [Test worker] DEBUG org.springframework.boot.test.autoconfigure.orm.jpa.DataJpaTestContextBootstrapper - @TestExecutionListeners is not present for class [com.fastcampust.demo.repository.JpaRepositoryTest]: using defaults.
21:43:20.998 [Test worker] INFO org.springframework.boot.test.autoconfigure.orm.jpa.DataJpaTestContextBootstrapper - Loaded default TestExecutionListener class names from location [META-INF/spring.factories]: [org.springframework.boot.test.autoconfigure.restdocs.RestDocsTestExecutionListener, org.springframework.boot.test.autoconfigure.web.client.MockRestServiceServerResetTestExecutionListener, org.springframework.boot.test.autoconfigure.web.servlet.MockMvcPrintOnlyOnFailureTestExecutionListener, org.springframework.boot.test.autoconfigure.web.servlet.WebDriverTestExecutionListener, org.springframework.boot.test.autoconfigure.webservices.client.MockWebServiceServerTestExecutionListener, org.springframework.boot.test.mock.mockito.MockitoTestExecutionListener, org.springframework.boot.test.mock.mockito.ResetMocksTestExecutionListener, org.springframework.test.context.web.ServletTestExecutionListener, org.springframework.test.context.support.DirtiesContextBeforeModesTestExecutionListener, org.springframework.test.context.event.ApplicationEventsTestExecutionListener, org.springframework.test.context.support.DependencyInjectionTestExecutionListener, org.springframework.test.context.support.DirtiesContextTestExecutionListener, org.springframework.test.context.transaction.TransactionalTestExecutionListener, org.springframework.test.context.jdbc.SqlScriptsTestExecutionListener, org.springframework.test.context.event.EventPublishingTestExecutionListener]
21:43:21.006 [Test worker] INFO org.springframework.boot.test.autoconfigure.orm.jpa.DataJpaTestContextBootstrapper - Using TestExecutionListeners: [org.springframework.test.context.web.ServletTestExecutionListener@31aa3ca5, org.springframework.test.context.support.DirtiesContextBeforeModesTestExecutionListener@45905bff, org.springframework.test.context.event.ApplicationEventsTestExecutionListener@2a2c13a8, org.springframework.boot.test.mock.mockito.MockitoTestExecutionListener@b6b1987, org.springframework.boot.test.autoconfigure.SpringBootDependencyInjectionTestExecutionListener@6b44435b, org.springframework.test.context.support.DirtiesContextTestExecutionListener@2ccca26f, org.springframework.test.context.transaction.TransactionalTestExecutionListener@66b7550d, org.springframework.test.context.jdbc.SqlScriptsTestExecutionListener@3543df7d, org.springframework.test.context.event.EventPublishingTestExecutionListener@7c541c15, org.springframework.boot.test.autoconfigure.restdocs.RestDocsTestExecutionListener@3542162a, org.springframework.boot.test.autoconfigure.web.client.MockRestServiceServerResetTestExecutionListener@698122b2, org.springframework.boot.test.autoconfigure.web.servlet.MockMvcPrintOnlyOnFailureTestExecutionListener@4212a0c8, org.springframework.boot.test.autoconfigure.web.servlet.WebDriverTestExecutionListener@1e7aa82b, org.springframework.boot.test.autoconfigure.webservices.client.MockWebServiceServerTestExecutionListener@3b2c0e88, org.springframework.boot.test.mock.mockito.ResetMocksTestExecutionListener@5bd82fed]
21:43:21.008 [Test worker] DEBUG org.springframework.test.context.support.AbstractDirtiesContextTestExecutionListener - Before test class: context [DefaultTestContext@62452cc9 testClass = JpaRepositoryTest, testInstance = [null], testMethod = [null], testException = [null], mergedContextConfiguration = [MergedContextConfiguration@6941827a testClass = JpaRepositoryTest, locations = '{}', classes = '{class com.fastcampust.demo.FastCampustProjectBoardApplication}', contextInitializerClasses = '[]', activeProfiles = '{}', propertySourceLocations = '{}', propertySourceProperties = '{org.springframework.boot.test.autoconfigure.orm.jpa.DataJpaTestContextBootstrapper=true}', contextCustomizers = set[org.springframework.boot.test.autoconfigure.OverrideAutoConfigurationContextCustomizerFactory$DisableAutoConfigurationContextCustomizer@24111ef1, org.springframework.boot.test.autoconfigure.actuate.metrics.MetricsExportContextCustomizerFactory$DisableMetricExportContextCustomizer@16ce702d, org.springframework.boot.test.autoconfigure.filter.TypeExcludeFiltersContextCustomizer@351584c0, org.springframework.boot.test.autoconfigure.properties.PropertyMappingContextCustomizer@538701f2, org.springframework.boot.test.autoconfigure.web.servlet.WebDriverContextCustomizerFactory$Customizer@db57326, [ImportsContextCustomizer@5a7005d key = [org.springframework.boot.autoconfigure.cache.CacheAutoConfiguration, org.springframework.boot.autoconfigure.data.jpa.JpaRepositoriesAutoConfiguration, org.springframework.boot.autoconfigure.flyway.FlywayAutoConfiguration, org.springframework.boot.autoconfigure.jdbc.DataSourceAutoConfiguration, org.springframework.boot.autoconfigure.jdbc.DataSourceTransactionManagerAutoConfiguration, org.springframework.boot.autoconfigure.jdbc.JdbcTemplateAutoConfiguration, org.springframework.boot.autoconfigure.liquibase.LiquibaseAutoConfiguration, org.springframework.boot.autoconfigure.orm.jpa.HibernateJpaAutoConfiguration, org.springframework.boot.autoconfigure.sql.init.SqlInitializationAutoConfiguration, org.springframework.boot.autoconfigure.transaction.TransactionAutoConfiguration, org.springframework.boot.test.autoconfigure.jdbc.TestDatabaseAutoConfiguration, org.springframework.boot.test.autoconfigure.orm.jpa.TestEntityManagerAutoConfiguration, com.fastcampust.demo.config.JpaConfig]], org.springframework.boot.test.context.filter.ExcludeFilterContextCustomizer@1e636ea3, org.springframework.boot.test.json.DuplicateJsonObjectContextCustomizerFactory$DuplicateJsonObjectContextCustomizer@4ce7fffa, org.springframework.boot.test.mock.mockito.MockitoContextCustomizer@0, org.springframework.boot.test.context.SpringBootTestArgs@1, org.springframework.boot.test.context.SpringBootTestWebEnvironment@0], contextLoader = 'org.springframework.boot.test.context.SpringBootContextLoader', parent = [null]], attributes = map[[empty]]], class annotated with @DirtiesContext [false] with mode [null].

  .   ____          _            __ _ _
 /\\ / ___'_ __ _ _(_)_ __  __ _ \ \ \ \
( ( )\___ | '_ | '_| | '_ \/ _` | \ \ \ \
 \\/  ___)| |_)| | | | | || (_| |  ) ) ) )
  '  |____| .__|_| |_|_| |_\__, | / / / /
 =========|_|==============|___/=/_/_/_/
 :: Spring Boot ::               (v2.7.16)

2023-12-25 21:43:21.352  INFO 2499 --- [    Test worker] c.f.demo.repository.JpaRepositoryTest    : Starting JpaRepositoryTest using Java 17.0.8 on MacBook-Air-Iugai.local with PID 2499 (started by iugaialeksandr in /Users/iugaialeksandr/Desktop/Spring Fast-cmpus/Java-Spring---Project-Board/fastcapmus-project-board)
2023-12-25 21:43:21.353 DEBUG 2499 --- [    Test worker] c.f.demo.repository.JpaRepositoryTest    : Running with Spring Boot v2.7.16, Spring v5.3.30
2023-12-25 21:43:21.353  INFO 2499 --- [    Test worker] c.f.demo.repository.JpaRepositoryTest    : No active profile set, falling back to 1 default profile: "default"
2023-12-25 21:43:21.514  INFO 2499 --- [    Test worker] .s.d.r.c.RepositoryConfigurationDelegate : Bootstrapping Spring Data JPA repositories in DEFAULT mode.
2023-12-25 21:43:21.536  INFO 2499 --- [    Test worker] .s.d.r.c.RepositoryConfigurationDelegate : Finished Spring Data repository scanning in 19 ms. Found 2 JPA repository interfaces.
2023-12-25 21:43:21.559  INFO 2499 --- [    Test worker] beddedDataSourceBeanFactoryPostProcessor : Replacing 'dataSource' DataSource bean with embedded version
2023-12-25 21:43:21.643  INFO 2499 --- [    Test worker] o.s.j.d.e.EmbeddedDatabaseFactory        : Starting embedded database: url='jdbc:h2:mem:62b74c68-d899-40fb-9a46-4677f6fb215e;DB_CLOSE_DELAY=-1;DB_CLOSE_ON_EXIT=false', username='sa'
2023-12-25 21:43:21.791  INFO 2499 --- [    Test worker] o.hibernate.jpa.internal.util.LogHelper  : HHH000204: Processing PersistenceUnitInfo [name: default]
2023-12-25 21:43:21.813  INFO 2499 --- [    Test worker] org.hibernate.Version                    : HHH000412: Hibernate ORM core version 5.6.15.Final
2023-12-25 21:43:21.882  INFO 2499 --- [    Test worker] o.hibernate.annotations.common.Version   : HCANN000001: Hibernate Commons Annotations {5.1.2.Final}
2023-12-25 21:43:21.936  INFO 2499 --- [    Test worker] org.hibernate.dialect.Dialect            : HHH000400: Using dialect: org.hibernate.dialect.H2Dialect
Hibernate: 
    
    drop table if exists article CASCADE 
Hibernate: 
    
    drop table if exists article_comment CASCADE 
Hibernate: 
    
    create table article (
       id bigint generated by default as identity,
        created_at timestamp not null,
        created_by varchar(100) not null,
        modified_at timestamp not null,
        modifiedby varchar(100) not null,
        content varchar(255) not null,
        hashtag varchar(255),
        title varchar(255) not null,
        primary key (id)
    )
Hibernate: 
    
    create table article_comment (
       id bigint generated by default as identity,
        content varchar(500) not null,
        created_at timestamp not null,
        created_by varchar(100) not null,
        modified_at timestamp not null,
        modifiedby varchar(100) not null,
        article_id bigint not null,
        primary key (id)
    )
Hibernate: create index IDX571gx7oqo5xpmgocegaidlcu9 on article (title)
Hibernate: create index IDXai44fu6vaa28ebpydglnv7t3e on article (hashtag)
Hibernate: create index IDXrmt77yibijtk4sarremr67saa on article (created_at)
Hibernate: create index IDXjl4utii2etiocimt799wvtuvv on article (created_by)
Hibernate: create index IDXpieqqnljv147sefofs56h25qx on article_comment (content)
Hibernate: create index IDXh1jx107qecntcbcpc2vfb07ij on article_comment (created_at)
Hibernate: create index IDXc6pa61djuf2o8xnceyyvtdbaq on article_comment (created_by)
Hibernate: 
    
    alter table article_comment 
       add constraint FKghmocqkgqs5tkmucf5putw64t 
       foreign key (article_id) 
       references article
2023-12-25 21:43:22.244  INFO 2499 --- [    Test worker] o.h.e.t.j.p.i.JtaPlatformInitiator       : HHH000490: Using JtaPlatform implementation: [org.hibernate.engine.transaction.jta.platform.internal.NoJtaPlatform]
2023-12-25 21:43:22.248  INFO 2499 --- [    Test worker] j.LocalContainerEntityManagerFactoryBean : Initialized JPA EntityManagerFactory for persistence unit 'default'
2023-12-25 21:43:22.498  INFO 2499 --- [    Test worker] c.f.demo.repository.JpaRepositoryTest    : Started JpaRepositoryTest in 1.475 seconds (JVM running for 1.906)
2023-12-25 21:43:22.514  INFO 2499 --- [    Test worker] o.s.t.c.transaction.TransactionContext   : Began transaction (1) for test context [DefaultTestContext@62452cc9 testClass = JpaRepositoryTest, testInstance = com.fastcampust.demo.repository.JpaRepositoryTest@2e785b28, testMethod = givenTestData_WhenUpdatenhthenWho@JpaRepositoryTest, testException = [null], mergedContextConfiguration = [MergedContextConfiguration@6941827a testClass = JpaRepositoryTest, locations = '{}', classes = '{class com.fastcampust.demo.FastCampustProjectBoardApplication}', contextInitializerClasses = '[]', activeProfiles = '{}', propertySourceLocations = '{}', propertySourceProperties = '{org.springframework.boot.test.autoconfigure.orm.jpa.DataJpaTestContextBootstrapper=true}', contextCustomizers = set[org.springframework.boot.test.autoconfigure.OverrideAutoConfigurationContextCustomizerFactory$DisableAutoConfigurationContextCustomizer@24111ef1, org.springframework.boot.test.autoconfigure.actuate.metrics.MetricsExportContextCustomizerFactory$DisableMetricExportContextCustomizer@16ce702d, org.springframework.boot.test.autoconfigure.filter.TypeExcludeFiltersContextCustomizer@351584c0, org.springframework.boot.test.autoconfigure.properties.PropertyMappingContextCustomizer@538701f2, org.springframework.boot.test.autoconfigure.web.servlet.WebDriverContextCustomizerFactory$Customizer@db57326, [ImportsContextCustomizer@5a7005d key = [org.springframework.boot.autoconfigure.cache.CacheAutoConfiguration, org.springframework.boot.autoconfigure.data.jpa.JpaRepositoriesAutoConfiguration, org.springframework.boot.autoconfigure.flyway.FlywayAutoConfiguration, org.springframework.boot.autoconfigure.jdbc.DataSourceAutoConfiguration, org.springframework.boot.autoconfigure.jdbc.DataSourceTransactionManagerAutoConfiguration, org.springframework.boot.autoconfigure.jdbc.JdbcTemplateAutoConfiguration, org.springframework.boot.autoconfigure.liquibase.LiquibaseAutoConfiguration, org.springframework.boot.autoconfigure.orm.jpa.HibernateJpaAutoConfiguration, org.springframework.boot.autoconfigure.sql.init.SqlInitializationAutoConfiguration, org.springframework.boot.autoconfigure.transaction.TransactionAutoConfiguration, org.springframework.boot.test.autoconfigure.jdbc.TestDatabaseAutoConfiguration, org.springframework.boot.test.autoconfigure.orm.jpa.TestEntityManagerAutoConfiguration, com.fastcampust.demo.config.JpaConfig]], org.springframework.boot.test.context.filter.ExcludeFilterContextCustomizer@1e636ea3, org.springframework.boot.test.json.DuplicateJsonObjectContextCustomizerFactory$DuplicateJsonObjectContextCustomizer@4ce7fffa, org.springframework.boot.test.mock.mockito.MockitoContextCustomizer@0, org.springframework.boot.test.context.SpringBootTestArgs@1, org.springframework.boot.test.context.SpringBootTestWebEnvironment@0], contextLoader = 'org.springframework.boot.test.context.SpringBootContextLoader', parent = [null]], attributes = map['org.springframework.test.context.event.ApplicationEventsTestExecutionListener.recordApplicationEvents' -> false]]; transaction manager [org.springframework.orm.jpa.JpaTransactionManager@42cd0fc6]; rollback [true]
Hibernate: 
    select
        article0_.id as id1_0_0_,
        article0_.created_at as created_2_0_0_,
        article0_.created_by as created_3_0_0_,
        article0_.modified_at as modified4_0_0_,
        article0_.modifiedby as modified5_0_0_,
        article0_.content as content6_0_0_,
        article0_.hashtag as hashtag7_0_0_,
        article0_.title as title8_0_0_ 
    from
        article article0_ 
    where
        article0_.id=?
2023-12-25 21:43:22.590 TRACE 2499 --- [    Test worker] o.h.type.descriptor.sql.BasicBinder      : binding parameter [1] as [BIGINT] - [1000001]
Hibernate: 
    update
        article 
    set
        created_at=?,
        created_by=?,
        modified_at=?,
        modifiedby=?,
        content=?,
        hashtag=?,
        title=? 
    where
        id=?
2023-12-25 21:43:22.626 TRACE 2499 --- [    Test worker] o.h.type.descriptor.sql.BasicBinder      : binding parameter [1] as [TIMESTAMP] - [2023-12-12T00:00]
2023-12-25 21:43:22.626 TRACE 2499 --- [    Test worker] o.h.type.descriptor.sql.BasicBinder      : binding parameter [2] as [VARCHAR] - [생성자]
2023-12-25 21:43:22.626 TRACE 2499 --- [    Test worker] o.h.type.descriptor.sql.BasicBinder      : binding parameter [3] as [TIMESTAMP] - [2023-12-25T21:43:22.621674]
2023-12-25 21:43:22.626 TRACE 2499 --- [    Test worker] o.h.type.descriptor.sql.BasicBinder      : binding parameter [4] as [VARCHAR] - [aleks]
2023-12-25 21:43:22.626 TRACE 2499 --- [    Test worker] o.h.type.descriptor.sql.BasicBinder      : binding parameter [5] as [VARCHAR] - [한국어로 된 내용입니다.]
2023-12-25 21:43:22.626 TRACE 2499 --- [    Test worker] o.h.type.descriptor.sql.BasicBinder      : binding parameter [6] as [VARCHAR] - [springboot]
2023-12-25 21:43:22.627 TRACE 2499 --- [    Test worker] o.h.type.descriptor.sql.BasicBinder      : binding parameter [7] as [VARCHAR] - [한국어]
2023-12-25 21:43:22.627 TRACE 2499 --- [    Test worker] o.h.type.descriptor.sql.BasicBinder      : binding parameter [8] as [BIGINT] - [1000001]
2023-12-25 21:43:22.654  INFO 2499 --- [    Test worker] o.s.t.c.transaction.TransactionContext   : Rolled back transaction for test: [DefaultTestContext@62452cc9 testClass = JpaRepositoryTest, testInstance = com.fastcampust.demo.repository.JpaRepositoryTest@2e785b28, testMethod = givenTestData_WhenUpdatenhthenWho@JpaRepositoryTest, testException = [null], mergedContextConfiguration = [MergedContextConfiguration@6941827a testClass = JpaRepositoryTest, locations = '{}', classes = '{class com.fastcampust.demo.FastCampustProjectBoardApplication}', contextInitializerClasses = '[]', activeProfiles = '{}', propertySourceLocations = '{}', propertySourceProperties = '{org.springframework.boot.test.autoconfigure.orm.jpa.DataJpaTestContextBootstrapper=true}', contextCustomizers = set[org.springframework.boot.test.autoconfigure.OverrideAutoConfigurationContextCustomizerFactory$DisableAutoConfigurationContextCustomizer@24111ef1, org.springframework.boot.test.autoconfigure.actuate.metrics.MetricsExportContextCustomizerFactory$DisableMetricExportContextCustomizer@16ce702d, org.springframework.boot.test.autoconfigure.filter.TypeExcludeFiltersContextCustomizer@351584c0, org.springframework.boot.test.autoconfigure.properties.PropertyMappingContextCustomizer@538701f2, org.springframework.boot.test.autoconfigure.web.servlet.WebDriverContextCustomizerFactory$Customizer@db57326, [ImportsContextCustomizer@5a7005d key = [org.springframework.boot.autoconfigure.cache.CacheAutoConfiguration, org.springframework.boot.autoconfigure.data.jpa.JpaRepositoriesAutoConfiguration, org.springframework.boot.autoconfigure.flyway.FlywayAutoConfiguration, org.springframework.boot.autoconfigure.jdbc.DataSourceAutoConfiguration, org.springframework.boot.autoconfigure.jdbc.DataSourceTransactionManagerAutoConfiguration, org.springframework.boot.autoconfigure.jdbc.JdbcTemplateAutoConfiguration, org.springframework.boot.autoconfigure.liquibase.LiquibaseAutoConfiguration, org.springframework.boot.autoconfigure.orm.jpa.HibernateJpaAutoConfiguration, org.springframework.boot.autoconfigure.sql.init.SqlInitializationAutoConfiguration, org.springframework.boot.autoconfigure.transaction.TransactionAutoConfiguration, org.springframework.boot.test.autoconfigure.jdbc.TestDatabaseAutoConfiguration, org.springframework.boot.test.autoconfigure.orm.jpa.TestEntityManagerAutoConfiguration, com.fastcampust.demo.config.JpaConfig]], org.springframework.boot.test.context.filter.ExcludeFilterContextCustomizer@1e636ea3, org.springframework.boot.test.json.DuplicateJsonObjectContextCustomizerFactory$DuplicateJsonObjectContextCustomizer@4ce7fffa, org.springframework.boot.test.mock.mockito.MockitoContextCustomizer@0, org.springframework.boot.test.context.SpringBootTestArgs@1, org.springframework.boot.test.context.SpringBootTestWebEnvironment@0], contextLoader = 'org.springframework.boot.test.context.SpringBootContextLoader', parent = [null]], attributes = map['org.springframework.test.context.event.ApplicationEventsTestExecutionListener.recordApplicationEvents' -> false]]
2023-12-25 21:43:22.658  INFO 2499 --- [    Test worker] o.s.t.c.transaction.TransactionContext   : Began transaction (1) for test context [DefaultTestContext@62452cc9 testClass = JpaRepositoryTest, testInstance = com.fastcampust.demo.repository.JpaRepositoryTest@35d8ba22, testMethod = givenTestData_WhenSelectinhthenWho@JpaRepositoryTest, testException = [null], mergedContextConfiguration = [MergedContextConfiguration@6941827a testClass = JpaRepositoryTest, locations = '{}', classes = '{class com.fastcampust.demo.FastCampustProjectBoardApplication}', contextInitializerClasses = '[]', activeProfiles = '{}', propertySourceLocations = '{}', propertySourceProperties = '{org.springframework.boot.test.autoconfigure.orm.jpa.DataJpaTestContextBootstrapper=true}', contextCustomizers = set[org.springframework.boot.test.autoconfigure.OverrideAutoConfigurationContextCustomizerFactory$DisableAutoConfigurationContextCustomizer@24111ef1, org.springframework.boot.test.autoconfigure.actuate.metrics.MetricsExportContextCustomizerFactory$DisableMetricExportContextCustomizer@16ce702d, org.springframework.boot.test.autoconfigure.filter.TypeExcludeFiltersContextCustomizer@351584c0, org.springframework.boot.test.autoconfigure.properties.PropertyMappingContextCustomizer@538701f2, org.springframework.boot.test.autoconfigure.web.servlet.WebDriverContextCustomizerFactory$Customizer@db57326, [ImportsContextCustomizer@5a7005d key = [org.springframework.boot.autoconfigure.cache.CacheAutoConfiguration, org.springframework.boot.autoconfigure.data.jpa.JpaRepositoriesAutoConfiguration, org.springframework.boot.autoconfigure.flyway.FlywayAutoConfiguration, org.springframework.boot.autoconfigure.jdbc.DataSourceAutoConfiguration, org.springframework.boot.autoconfigure.jdbc.DataSourceTransactionManagerAutoConfiguration, org.springframework.boot.autoconfigure.jdbc.JdbcTemplateAutoConfiguration, org.springframework.boot.autoconfigure.liquibase.LiquibaseAutoConfiguration, org.springframework.boot.autoconfigure.orm.jpa.HibernateJpaAutoConfiguration, org.springframework.boot.autoconfigure.sql.init.SqlInitializationAutoConfiguration, org.springframework.boot.autoconfigure.transaction.TransactionAutoConfiguration, org.springframework.boot.test.autoconfigure.jdbc.TestDatabaseAutoConfiguration, org.springframework.boot.test.autoconfigure.orm.jpa.TestEntityManagerAutoConfiguration, com.fastcampust.demo.config.JpaConfig]], org.springframework.boot.test.context.filter.ExcludeFilterContextCustomizer@1e636ea3, org.springframework.boot.test.json.DuplicateJsonObjectContextCustomizerFactory$DuplicateJsonObjectContextCustomizer@4ce7fffa, org.springframework.boot.test.mock.mockito.MockitoContextCustomizer@0, org.springframework.boot.test.context.SpringBootTestArgs@1, org.springframework.boot.test.context.SpringBootTestWebEnvironment@0], contextLoader = 'org.springframework.boot.test.context.SpringBootContextLoader', parent = [null]], attributes = map['org.springframework.test.context.event.ApplicationEventsTestExecutionListener.recordApplicationEvents' -> false]]; transaction manager [org.springframework.orm.jpa.JpaTransactionManager@42cd0fc6]; rollback [true]
Hibernate: 
    select
        article0_.id as id1_0_,
        article0_.created_at as created_2_0_,
        article0_.created_by as created_3_0_,
        article0_.modified_at as modified4_0_,
        article0_.modifiedby as modified5_0_,
        article0_.content as content6_0_,
        article0_.hashtag as hashtag7_0_,
        article0_.title as title8_0_ 
    from
        article article0_
2023-12-25 21:43:22.704  INFO 2499 --- [    Test worker] o.s.t.c.transaction.TransactionContext   : Rolled back transaction for test: [DefaultTestContext@62452cc9 testClass = JpaRepositoryTest, testInstance = com.fastcampust.demo.repository.JpaRepositoryTest@35d8ba22, testMethod = givenTestData_WhenSelectinhthenWho@JpaRepositoryTest, testException = [null], mergedContextConfiguration = [MergedContextConfiguration@6941827a testClass = JpaRepositoryTest, locations = '{}', classes = '{class com.fastcampust.demo.FastCampustProjectBoardApplication}', contextInitializerClasses = '[]', activeProfiles = '{}', propertySourceLocations = '{}', propertySourceProperties = '{org.springframework.boot.test.autoconfigure.orm.jpa.DataJpaTestContextBootstrapper=true}', contextCustomizers = set[org.springframework.boot.test.autoconfigure.OverrideAutoConfigurationContextCustomizerFactory$DisableAutoConfigurationContextCustomizer@24111ef1, org.springframework.boot.test.autoconfigure.actuate.metrics.MetricsExportContextCustomizerFactory$DisableMetricExportContextCustomizer@16ce702d, org.springframework.boot.test.autoconfigure.filter.TypeExcludeFiltersContextCustomizer@351584c0, org.springframework.boot.test.autoconfigure.properties.PropertyMappingContextCustomizer@538701f2, org.springframework.boot.test.autoconfigure.web.servlet.WebDriverContextCustomizerFactory$Customizer@db57326, [ImportsContextCustomizer@5a7005d key = [org.springframework.boot.autoconfigure.cache.CacheAutoConfiguration, org.springframework.boot.autoconfigure.data.jpa.JpaRepositoriesAutoConfiguration, org.springframework.boot.autoconfigure.flyway.FlywayAutoConfiguration, org.springframework.boot.autoconfigure.jdbc.DataSourceAutoConfiguration, org.springframework.boot.autoconfigure.jdbc.DataSourceTransactionManagerAutoConfiguration, org.springframework.boot.autoconfigure.jdbc.JdbcTemplateAutoConfiguration, org.springframework.boot.autoconfigure.liquibase.LiquibaseAutoConfiguration, org.springframework.boot.autoconfigure.orm.jpa.HibernateJpaAutoConfiguration, org.springframework.boot.autoconfigure.sql.init.SqlInitializationAutoConfiguration, org.springframework.boot.autoconfigure.transaction.TransactionAutoConfiguration, org.springframework.boot.test.autoconfigure.jdbc.TestDatabaseAutoConfiguration, org.springframework.boot.test.autoconfigure.orm.jpa.TestEntityManagerAutoConfiguration, com.fastcampust.demo.config.JpaConfig]], org.springframework.boot.test.context.filter.ExcludeFilterContextCustomizer@1e636ea3, org.springframework.boot.test.json.DuplicateJsonObjectContextCustomizerFactory$DuplicateJsonObjectContextCustomizer@4ce7fffa, org.springframework.boot.test.mock.mockito.MockitoContextCustomizer@0, org.springframework.boot.test.context.SpringBootTestArgs@1, org.springframework.boot.test.context.SpringBootTestWebEnvironment@0], contextLoader = 'org.springframework.boot.test.context.SpringBootContextLoader', parent = [null]], attributes = map['org.springframework.test.context.event.ApplicationEventsTestExecutionListener.recordApplicationEvents' -> false]]
2023-12-25 21:43:22.707  INFO 2499 --- [    Test worker] o.s.t.c.transaction.TransactionContext   : Began transaction (1) for test context [DefaultTestContext@62452cc9 testClass = JpaRepositoryTest, testInstance = com.fastcampust.demo.repository.JpaRepositoryTest@1cd2e348, testMethod = givenTestData_WhenDeletehthenWho@JpaRepositoryTest, testException = [null], mergedContextConfiguration = [MergedContextConfiguration@6941827a testClass = JpaRepositoryTest, locations = '{}', classes = '{class com.fastcampust.demo.FastCampustProjectBoardApplication}', contextInitializerClasses = '[]', activeProfiles = '{}', propertySourceLocations = '{}', propertySourceProperties = '{org.springframework.boot.test.autoconfigure.orm.jpa.DataJpaTestContextBootstrapper=true}', contextCustomizers = set[org.springframework.boot.test.autoconfigure.OverrideAutoConfigurationContextCustomizerFactory$DisableAutoConfigurationContextCustomizer@24111ef1, org.springframework.boot.test.autoconfigure.actuate.metrics.MetricsExportContextCustomizerFactory$DisableMetricExportContextCustomizer@16ce702d, org.springframework.boot.test.autoconfigure.filter.TypeExcludeFiltersContextCustomizer@351584c0, org.springframework.boot.test.autoconfigure.properties.PropertyMappingContextCustomizer@538701f2, org.springframework.boot.test.autoconfigure.web.servlet.WebDriverContextCustomizerFactory$Customizer@db57326, [ImportsContextCustomizer@5a7005d key = [org.springframework.boot.autoconfigure.cache.CacheAutoConfiguration, org.springframework.boot.autoconfigure.data.jpa.JpaRepositoriesAutoConfiguration, org.springframework.boot.autoconfigure.flyway.FlywayAutoConfiguration, org.springframework.boot.autoconfigure.jdbc.DataSourceAutoConfiguration, org.springframework.boot.autoconfigure.jdbc.DataSourceTransactionManagerAutoConfiguration, org.springframework.boot.autoconfigure.jdbc.JdbcTemplateAutoConfiguration, org.springframework.boot.autoconfigure.liquibase.LiquibaseAutoConfiguration, org.springframework.boot.autoconfigure.orm.jpa.HibernateJpaAutoConfiguration, org.springframework.boot.autoconfigure.sql.init.SqlInitializationAutoConfiguration, org.springframework.boot.autoconfigure.transaction.TransactionAutoConfiguration, org.springframework.boot.test.autoconfigure.jdbc.TestDatabaseAutoConfiguration, org.springframework.boot.test.autoconfigure.orm.jpa.TestEntityManagerAutoConfiguration, com.fastcampust.demo.config.JpaConfig]], org.springframework.boot.test.context.filter.ExcludeFilterContextCustomizer@1e636ea3, org.springframework.boot.test.json.DuplicateJsonObjectContextCustomizerFactory$DuplicateJsonObjectContextCustomizer@4ce7fffa, org.springframework.boot.test.mock.mockito.MockitoContextCustomizer@0, org.springframework.boot.test.context.SpringBootTestArgs@1, org.springframework.boot.test.context.SpringBootTestWebEnvironment@0], contextLoader = 'org.springframework.boot.test.context.SpringBootContextLoader', parent = [null]], attributes = map['org.springframework.test.context.event.ApplicationEventsTestExecutionListener.recordApplicationEvents' -> false]]; transaction manager [org.springframework.orm.jpa.JpaTransactionManager@42cd0fc6]; rollback [true]
Hibernate: 
    select
        article0_.id as id1_0_0_,
        article0_.created_at as created_2_0_0_,
        article0_.created_by as created_3_0_0_,
        article0_.modified_at as modified4_0_0_,
        article0_.modifiedby as modified5_0_0_,
        article0_.content as content6_0_0_,
        article0_.hashtag as hashtag7_0_0_,
        article0_.title as title8_0_0_ 
    from
        article article0_ 
    where
        article0_.id=?
2023-12-25 21:43:22.709 TRACE 2499 --- [    Test worker] o.h.type.descriptor.sql.BasicBinder      : binding parameter [1] as [BIGINT] - [1000001]
Hibernate: 
    select
        count(*) as col_0_0_ 
    from
        article article0_
Hibernate: 
    select
        count(*) as col_0_0_ 
    from
        article_comment articlecom0_
Hibernate: 
    select
        articlecom0_.article_id as article_7_1_1_,
        articlecom0_.id as id1_1_1_,
        articlecom0_.id as id1_1_0_,
        articlecom0_.article_id as article_7_1_0_,
        articlecom0_.content as content2_1_0_,
        articlecom0_.created_at as created_3_1_0_,
        articlecom0_.created_by as created_4_1_0_,
        articlecom0_.modified_at as modified5_1_0_,
        articlecom0_.modifiedby as modified6_1_0_ 
    from
        article_comment articlecom0_ 
    where
        articlecom0_.article_id=? 
    order by
        articlecom0_.id
2023-12-25 21:43:22.720 TRACE 2499 --- [    Test worker] o.h.type.descriptor.sql.BasicBinder      : binding parameter [1] as [BIGINT] - [1000001]
Hibernate: 
    delete 
    from
        article 
    where
        id=?
2023-12-25 21:43:22.724 TRACE 2499 --- [    Test worker] o.h.type.descriptor.sql.BasicBinder      : binding parameter [1] as [BIGINT] - [1000001]
Hibernate: 
    select
        count(*) as col_0_0_ 
    from
        article article0_
Hibernate: 
    select
        count(*) as col_0_0_ 
    from
        article_comment articlecom0_
2023-12-25 21:43:22.728  INFO 2499 --- [    Test worker] o.s.t.c.transaction.TransactionContext   : Rolled back transaction for test: [DefaultTestContext@62452cc9 testClass = JpaRepositoryTest, testInstance = com.fastcampust.demo.repository.JpaRepositoryTest@1cd2e348, testMethod = givenTestData_WhenDeletehthenWho@JpaRepositoryTest, testException = [null], mergedContextConfiguration = [MergedContextConfiguration@6941827a testClass = JpaRepositoryTest, locations = '{}', classes = '{class com.fastcampust.demo.FastCampustProjectBoardApplication}', contextInitializerClasses = '[]', activeProfiles = '{}', propertySourceLocations = '{}', propertySourceProperties = '{org.springframework.boot.test.autoconfigure.orm.jpa.DataJpaTestContextBootstrapper=true}', contextCustomizers = set[org.springframework.boot.test.autoconfigure.OverrideAutoConfigurationContextCustomizerFactory$DisableAutoConfigurationContextCustomizer@24111ef1, org.springframework.boot.test.autoconfigure.actuate.metrics.MetricsExportContextCustomizerFactory$DisableMetricExportContextCustomizer@16ce702d, org.springframework.boot.test.autoconfigure.filter.TypeExcludeFiltersContextCustomizer@351584c0, org.springframework.boot.test.autoconfigure.properties.PropertyMappingContextCustomizer@538701f2, org.springframework.boot.test.autoconfigure.web.servlet.WebDriverContextCustomizerFactory$Customizer@db57326, [ImportsContextCustomizer@5a7005d key = [org.springframework.boot.autoconfigure.cache.CacheAutoConfiguration, org.springframework.boot.autoconfigure.data.jpa.JpaRepositoriesAutoConfiguration, org.springframework.boot.autoconfigure.flyway.FlywayAutoConfiguration, org.springframework.boot.autoconfigure.jdbc.DataSourceAutoConfiguration, org.springframework.boot.autoconfigure.jdbc.DataSourceTransactionManagerAutoConfiguration, org.springframework.boot.autoconfigure.jdbc.JdbcTemplateAutoConfiguration, org.springframework.boot.autoconfigure.liquibase.LiquibaseAutoConfiguration, org.springframework.boot.autoconfigure.orm.jpa.HibernateJpaAutoConfiguration, org.springframework.boot.autoconfigure.sql.init.SqlInitializationAutoConfiguration, org.springframework.boot.autoconfigure.transaction.TransactionAutoConfiguration, org.springframework.boot.test.autoconfigure.jdbc.TestDatabaseAutoConfiguration, org.springframework.boot.test.autoconfigure.orm.jpa.TestEntityManagerAutoConfiguration, com.fastcampust.demo.config.JpaConfig]], org.springframework.boot.test.context.filter.ExcludeFilterContextCustomizer@1e636ea3, org.springframework.boot.test.json.DuplicateJsonObjectContextCustomizerFactory$DuplicateJsonObjectContextCustomizer@4ce7fffa, org.springframework.boot.test.mock.mockito.MockitoContextCustomizer@0, org.springframework.boot.test.context.SpringBootTestArgs@1, org.springframework.boot.test.context.SpringBootTestWebEnvironment@0], contextLoader = 'org.springframework.boot.test.context.SpringBootContextLoader', parent = [null]], attributes = map['org.springframework.test.context.event.ApplicationEventsTestExecutionListener.recordApplicationEvents' -> false]]
2023-12-25 21:43:22.731  INFO 2499 --- [    Test worker] o.s.t.c.transaction.TransactionContext   : Began transaction (1) for test context [DefaultTestContext@62452cc9 testClass = JpaRepositoryTest, testInstance = com.fastcampust.demo.repository.JpaRepositoryTest@4987142d, testMethod = givenTestData_WheninsertinhthenWho@JpaRepositoryTest, testException = [null], mergedContextConfiguration = [MergedContextConfiguration@6941827a testClass = JpaRepositoryTest, locations = '{}', classes = '{class com.fastcampust.demo.FastCampustProjectBoardApplication}', contextInitializerClasses = '[]', activeProfiles = '{}', propertySourceLocations = '{}', propertySourceProperties = '{org.springframework.boot.test.autoconfigure.orm.jpa.DataJpaTestContextBootstrapper=true}', contextCustomizers = set[org.springframework.boot.test.autoconfigure.OverrideAutoConfigurationContextCustomizerFactory$DisableAutoConfigurationContextCustomizer@24111ef1, org.springframework.boot.test.autoconfigure.actuate.metrics.MetricsExportContextCustomizerFactory$DisableMetricExportContextCustomizer@16ce702d, org.springframework.boot.test.autoconfigure.filter.TypeExcludeFiltersContextCustomizer@351584c0, org.springframework.boot.test.autoconfigure.properties.PropertyMappingContextCustomizer@538701f2, org.springframework.boot.test.autoconfigure.web.servlet.WebDriverContextCustomizerFactory$Customizer@db57326, [ImportsContextCustomizer@5a7005d key = [org.springframework.boot.autoconfigure.cache.CacheAutoConfiguration, org.springframework.boot.autoconfigure.data.jpa.JpaRepositoriesAutoConfiguration, org.springframework.boot.autoconfigure.flyway.FlywayAutoConfiguration, org.springframework.boot.autoconfigure.jdbc.DataSourceAutoConfiguration, org.springframework.boot.autoconfigure.jdbc.DataSourceTransactionManagerAutoConfiguration, org.springframework.boot.autoconfigure.jdbc.JdbcTemplateAutoConfiguration, org.springframework.boot.autoconfigure.liquibase.LiquibaseAutoConfiguration, org.springframework.boot.autoconfigure.orm.jpa.HibernateJpaAutoConfiguration, org.springframework.boot.autoconfigure.sql.init.SqlInitializationAutoConfiguration, org.springframework.boot.autoconfigure.transaction.TransactionAutoConfiguration, org.springframework.boot.test.autoconfigure.jdbc.TestDatabaseAutoConfiguration, org.springframework.boot.test.autoconfigure.orm.jpa.TestEntityManagerAutoConfiguration, com.fastcampust.demo.config.JpaConfig]], org.springframework.boot.test.context.filter.ExcludeFilterContextCustomizer@1e636ea3, org.springframework.boot.test.json.DuplicateJsonObjectContextCustomizerFactory$DuplicateJsonObjectContextCustomizer@4ce7fffa, org.springframework.boot.test.mock.mockito.MockitoContextCustomizer@0, org.springframework.boot.test.context.SpringBootTestArgs@1, org.springframework.boot.test.context.SpringBootTestWebEnvironment@0], contextLoader = 'org.springframework.boot.test.context.SpringBootContextLoader', parent = [null]], attributes = map['org.springframework.test.context.event.ApplicationEventsTestExecutionListener.recordApplicationEvents' -> false]]; transaction manager [org.springframework.orm.jpa.JpaTransactionManager@42cd0fc6]; rollback [true]
Hibernate: 
    select
        count(*) as col_0_0_ 
    from
        article article0_
2
Hibernate: 
    insert 
    into
        article
        (id, created_at, created_by, modified_at, modifiedby, content, hashtag, title) 
    values
        (default, ?, ?, ?, ?, ?, ?, ?)
2023-12-25 21:43:22.737 TRACE 2499 --- [    Test worker] o.h.type.descriptor.sql.BasicBinder      : binding parameter [1] as [TIMESTAMP] - [2023-12-25T21:43:22.734829]
2023-12-25 21:43:22.737 TRACE 2499 --- [    Test worker] o.h.type.descriptor.sql.BasicBinder      : binding parameter [2] as [VARCHAR] - [aleks]
2023-12-25 21:43:22.737 TRACE 2499 --- [    Test worker] o.h.type.descriptor.sql.BasicBinder      : binding parameter [3] as [TIMESTAMP] - [2023-12-25T21:43:22.734829]
2023-12-25 21:43:22.737 TRACE 2499 --- [    Test worker] o.h.type.descriptor.sql.BasicBinder      : binding parameter [4] as [VARCHAR] - [aleks]
2023-12-25 21:43:22.737 TRACE 2499 --- [    Test worker] o.h.type.descriptor.sql.BasicBinder      : binding parameter [5] as [VARCHAR] - [new content]
2023-12-25 21:43:22.737 TRACE 2499 --- [    Test worker] o.h.type.descriptor.sql.BasicBinder      : binding parameter [6] as [VARCHAR] - [spring]
2023-12-25 21:43:22.737 TRACE 2499 --- [    Test worker] o.h.type.descriptor.sql.BasicBinder      : binding parameter [7] as [VARCHAR] - [new article]
Hibernate: 
    select
        count(*) as col_0_0_ 
    from
        article article0_
2023-12-25 21:43:22.741  INFO 2499 --- [    Test worker] o.s.t.c.transaction.TransactionContext   : Rolled back transaction for test: [DefaultTestContext@62452cc9 testClass = JpaRepositoryTest, testInstance = com.fastcampust.demo.repository.JpaRepositoryTest@4987142d, testMethod = givenTestData_WheninsertinhthenWho@JpaRepositoryTest, testException = [null], mergedContextConfiguration = [MergedContextConfiguration@6941827a testClass = JpaRepositoryTest, locations = '{}', classes = '{class com.fastcampust.demo.FastCampustProjectBoardApplication}', contextInitializerClasses = '[]', activeProfiles = '{}', propertySourceLocations = '{}', propertySourceProperties = '{org.springframework.boot.test.autoconfigure.orm.jpa.DataJpaTestContextBootstrapper=true}', contextCustomizers = set[org.springframework.boot.test.autoconfigure.OverrideAutoConfigurationContextCustomizerFactory$DisableAutoConfigurationContextCustomizer@24111ef1, org.springframework.boot.test.autoconfigure.actuate.metrics.MetricsExportContextCustomizerFactory$DisableMetricExportContextCustomizer@16ce702d, org.springframework.boot.test.autoconfigure.filter.TypeExcludeFiltersContextCustomizer@351584c0, org.springframework.boot.test.autoconfigure.properties.PropertyMappingContextCustomizer@538701f2, org.springframework.boot.test.autoconfigure.web.servlet.WebDriverContextCustomizerFactory$Customizer@db57326, [ImportsContextCustomizer@5a7005d key = [org.springframework.boot.autoconfigure.cache.CacheAutoConfiguration, org.springframework.boot.autoconfigure.data.jpa.JpaRepositoriesAutoConfiguration, org.springframework.boot.autoconfigure.flyway.FlywayAutoConfiguration, org.springframework.boot.autoconfigure.jdbc.DataSourceAutoConfiguration, org.springframework.boot.autoconfigure.jdbc.DataSourceTransactionManagerAutoConfiguration, org.springframework.boot.autoconfigure.jdbc.JdbcTemplateAutoConfiguration, org.springframework.boot.autoconfigure.liquibase.LiquibaseAutoConfiguration, org.springframework.boot.autoconfigure.orm.jpa.HibernateJpaAutoConfiguration, org.springframework.boot.autoconfigure.sql.init.SqlInitializationAutoConfiguration, org.springframework.boot.autoconfigure.transaction.TransactionAutoConfiguration, org.springframework.boot.test.autoconfigure.jdbc.TestDatabaseAutoConfiguration, org.springframework.boot.test.autoconfigure.orm.jpa.TestEntityManagerAutoConfiguration, com.fastcampust.demo.config.JpaConfig]], org.springframework.boot.test.context.filter.ExcludeFilterContextCustomizer@1e636ea3, org.springframework.boot.test.json.DuplicateJsonObjectContextCustomizerFactory$DuplicateJsonObjectContextCustomizer@4ce7fffa, org.springframework.boot.test.mock.mockito.MockitoContextCustomizer@0, org.springframework.boot.test.context.SpringBootTestArgs@1, org.springframework.boot.test.context.SpringBootTestWebEnvironment@0], contextLoader = 'org.springframework.boot.test.context.SpringBootContextLoader', parent = [null]], attributes = map['org.springframework.test.context.event.ApplicationEventsTestExecutionListener.recordApplicationEvents' -> false]]
]]></system-out>
  <system-err><![CDATA[]]></system-err>
</testsuite>
